# JRE version: Java(TM) SE Runtime Environment (11.0.2+9) (build 11.0.2+9-LTS)
# Java VM: Java HotSpot(TM) 64-Bit Server VM (11.0.2+9-LTS, mixed mode, tiered, compressed oops, g1 gc, windows-amd64)
Heap:
 garbage-first heap   total 262144K, used 114291K [0x00000000e0000000, 0x0000000100000000)
  region size 1024K, 101 young (103424K), 13 survivors (13312K)
 Metaspace       used 52535K, capacity 53588K, committed 53888K, reserved 301056K
  class space    used 6631K, capacity 6981K, committed 7040K, reserved 253952K
GC Heap History (10 events):
Event: 41.830 GC heap before
{Heap before GC invocations=2 (full 0):
 garbage-first heap   total 262144K, used 38609K [0x00000000e0000000, 0x0000000100000000)
  region size 1024K, 31 young (31744K), 1 survivors (1024K)
 Metaspace       used 13169K, capacity 13495K, committed 13696K, reserved 266240K
  class space    used 1448K, capacity 1538K, committed 1664K, reserved 253952K
}
Event: 41.835 GC heap after
{Heap after GC invocations=3 (full 0):
 garbage-first heap   total 262144K, used 12944K [0x00000000e0000000, 0x0000000100000000)
  region size 1024K, 4 young (4096K), 4 survivors (4096K)
 Metaspace       used 13169K, capacity 13495K, committed 13696K, reserved 266240K
  class space    used 1448K, capacity 1538K, committed 1664K, reserved 253952K
}
Event: 44.193 GC heap before
{Heap before GC invocations=3 (full 0):
 garbage-first heap   total 262144K, used 54928K [0x00000000e0000000, 0x0000000100000000)
  region size 1024K, 46 young (47104K), 4 survivors (4096K)
 Metaspace       used 20728K, capacity 21146K, committed 21248K, reserved 272384K
  class space    used 2582K, capacity 2742K, committed 2816K, reserved 253952K
}
Event: 44.205 GC heap after
{Heap after GC invocations=4 (full 0):
 garbage-first heap   total 262144K, used 15644K [0x00000000e0000000, 0x0000000100000000)
  region size 1024K, 3 young (3072K), 3 survivors (3072K)
 Metaspace       used 20728K, capacity 21146K, committed 21248K, reserved 272384K
  class space    used 2582K, capacity 2742K, committed 2816K, reserved 253952K
}
Event: 46.519 GC heap before
{Heap before GC invocations=5 (full 0):
 garbage-first heap   total 262144K, used 70940K [0x00000000e0000000, 0x0000000100000000)
  region size 1024K, 58 young (59392K), 3 survivors (3072K)
 Metaspace       used 29700K, capacity 30202K, committed 30336K, reserved 280576K
  class space    used 3701K, capacity 3854K, committed 3968K, reserved 253952K
}
Event: 46.531 GC heap after
{Heap after GC invocations=6 (full 0):
 garbage-first heap   total 262144K, used 18396K [0x00000000e0000000, 0x0000000100000000)
  region size 1024K, 6 young (6144K), 6 survivors (6144K)
 Metaspace       used 29700K, capacity 30202K, committed 30336K, reserved 280576K
  class space    used 3701K, capacity 3854K, committed 3968K, reserved 253952K
}
Event: 47.569 GC heap before
{Heap before GC invocations=6 (full 0):
 garbage-first heap   total 262144K, used 43996K [0x00000000e0000000, 0x0000000100000000)
  region size 1024K, 30 young (30720K), 6 survivors (6144K)
 Metaspace       used 35163K, capacity 35751K, committed 35840K, reserved 286720K
  class space    used 4215K, capacity 4441K, committed 4480K, reserved 253952K
}
Event: 47.584 GC heap after
{Heap after GC invocations=7 (full 0):
 garbage-first heap   total 262144K, used 20969K [0x00000000e0000000, 0x0000000100000000)
  region size 1024K, 8 young (8192K), 8 survivors (8192K)
 Metaspace       used 35163K, capacity 35751K, committed 35840K, reserved 286720K
  class space    used 4215K, capacity 4441K, committed 4480K, reserved 253952K
}
Event: 52.649 GC heap before
{Heap before GC invocations=8 (full 0):
 garbage-first heap   total 262144K, used 133609K [0x00000000e0000000, 0x0000000100000000)
  region size 1024K, 118 young (120832K), 8 survivors (8192K)
 Metaspace       used 45872K, capacity 46730K, committed 46976K, reserved 294912K
  class space    used 5729K, capacity 6003K, committed 6016K, reserved 253952K
}
Event: 52.673 GC heap after
{Heap after GC invocations=9 (full 0):
 garbage-first heap   total 262144K, used 26227K [0x00000000e0000000, 0x0000000100000000)
  region size 1024K, 13 young (13312K), 13 survivors (13312K)
 Metaspace       used 45872K, capacity 46730K, committed 46976K, reserved 294912K
  class space    used 5729K, capacity 6003K, committed 6016K, reserved 253952K
}

